<?xml version="1.0" encoding="UTF-8"?>
<!-- Generated by org.testng.reporters.JUnitReportReporter -->
<testsuite skipped="0" hostname="DESKTOP-D1R7OO5" name="DDFDemos.DDFProdCatSearchTest" tests="2" failures="0" timestamp="2020-01-08T19:04:50 IST" time="73.850" errors="0">
  <testcase name="ProdCatSearch" time="45.124" classname="DDFDemos.DDFProdCatSearchTest"/>
  <testcase name="ProdCatSearch" time="28.726" classname="DDFDemos.DDFProdCatSearchTest"/>
</testsuite> <!-- DDFDemos.DDFProdCatSearchTest -->
