<?xml version="1.0" encoding="UTF-8"?>
<!-- Generated by org.testng.reporters.JUnitReportReporter -->
<testsuite skipped="0" hostname="DESKTOP-D1R7OO5" name="DDFDemos.DDFProdSearchTest" tests="2" failures="0" timestamp="2020-01-08T18:58:47 IST" time="102.717" errors="0">
  <testcase name="ProdSearch" time="46.784" classname="DDFDemos.DDFProdSearchTest"/>
  <testcase name="ProdSearch" time="55.933" classname="DDFDemos.DDFProdSearchTest"/>
</testsuite> <!-- DDFDemos.DDFProdSearchTest -->
